INFO: [VRFC 10-163] Analyzing VHDL file "C:/Users/SKL/Desktop/ECE532/quadencoder/encoder_ip_prj2/encoder_ip_prj.srcs/sources_1/ip/dcfifo_32in_32out_16kb/fifo_generator_v12_0/hdl/fifo_generator_v12_0_rfs.vhd" into library fifo_generator_v12_0
INFO: [VRFC 10-307] analyzing entity input_blk
INFO: [VRFC 10-307] analyzing entity output_blk
INFO: [VRFC 10-307] analyzing entity shft_wrapper
INFO: [VRFC 10-307] analyzing entity shft_ram
INFO: [VRFC 10-307] analyzing entity wr_pf_as
INFO: [VRFC 10-307] analyzing entity wr_pf_ss
INFO: [VRFC 10-307] analyzing entity rd_pe_as
INFO: [VRFC 10-307] analyzing entity rd_pe_ss
INFO: [VRFC 10-307] analyzing entity synchronizer_ff
INFO: [VRFC 10-307] analyzing entity delay
INFO: [VRFC 10-307] analyzing entity bin_cntr
INFO: [VRFC 10-307] analyzing entity clk_x_pntrs_builtin
INFO: [VRFC 10-307] analyzing entity logic_builtin
INFO: [VRFC 10-307] analyzing entity builtin_prim
INFO: [VRFC 10-307] analyzing entity builtin_extdepth
INFO: [VRFC 10-307] analyzing entity builtin_top
INFO: [VRFC 10-307] analyzing entity reset_builtin
INFO: [VRFC 10-307] analyzing entity builtin_prim_v6
INFO: [VRFC 10-307] analyzing entity builtin_extdepth_v6
INFO: [VRFC 10-307] analyzing entity builtin_extdepth_low_latency
INFO: [VRFC 10-307] analyzing entity builtin_top_v6
INFO: [VRFC 10-307] analyzing entity fifo_generator_v12_0_builtin
INFO: [VRFC 10-307] analyzing entity bram_sync_reg
INFO: [VRFC 10-307] analyzing entity bram_fifo_rstlogic
INFO: [VRFC 10-307] analyzing entity reset_blk_ramfifo
INFO: [VRFC 10-307] analyzing entity axi_reg_slice
INFO: [VRFC 10-307] analyzing entity fifo_generator_top
INFO: [VRFC 10-307] analyzing entity fifo_generator_v12_0_synth
INFO: [VRFC 10-163] Analyzing VHDL file "C:/Users/SKL/Desktop/ECE532/quadencoder/encoder_ip_prj2/encoder_ip_prj.srcs/sources_1/ip/dcfifo_32in_32out_32kb/fifo_generator_v12_0/hdl/fifo_generator_v12_0_rfs.vhd" into library fifo_generator_v12_0
INFO: [VRFC 10-307] analyzing entity input_blk
INFO: [VRFC 10-307] analyzing entity output_blk
INFO: [VRFC 10-307] analyzing entity shft_wrapper
INFO: [VRFC 10-307] analyzing entity shft_ram
INFO: [VRFC 10-307] analyzing entity wr_pf_as
INFO: [VRFC 10-307] analyzing entity wr_pf_ss
INFO: [VRFC 10-307] analyzing entity rd_pe_as
INFO: [VRFC 10-307] analyzing entity rd_pe_ss
INFO: [VRFC 10-307] analyzing entity synchronizer_ff
INFO: [VRFC 10-307] analyzing entity delay
INFO: [VRFC 10-307] analyzing entity bin_cntr
INFO: [VRFC 10-307] analyzing entity clk_x_pntrs_builtin
INFO: [VRFC 10-307] analyzing entity logic_builtin
INFO: [VRFC 10-307] analyzing entity builtin_prim
INFO: [VRFC 10-307] analyzing entity builtin_extdepth
INFO: [VRFC 10-307] analyzing entity builtin_top
INFO: [VRFC 10-307] analyzing entity reset_builtin
INFO: [VRFC 10-307] analyzing entity builtin_prim_v6
INFO: [VRFC 10-307] analyzing entity builtin_extdepth_v6
INFO: [VRFC 10-307] analyzing entity builtin_extdepth_low_latency
INFO: [VRFC 10-307] analyzing entity builtin_top_v6
INFO: [VRFC 10-307] analyzing entity fifo_generator_v12_0_builtin
INFO: [VRFC 10-307] analyzing entity bram_sync_reg
INFO: [VRFC 10-307] analyzing entity bram_fifo_rstlogic
INFO: [VRFC 10-307] analyzing entity reset_blk_ramfifo
INFO: [VRFC 10-307] analyzing entity axi_reg_slice
INFO: [VRFC 10-307] analyzing entity fifo_generator_top
INFO: [VRFC 10-307] analyzing entity fifo_generator_v12_0_synth
INFO: [VRFC 10-163] Analyzing VHDL file "C:/Users/SKL/Desktop/ECE532/quadencoder/encoder_ip_prj2/encoder_ip_prj.srcs/sources_1/dct_source/MDCT_PKG.vhd" into library xil_defaultlib
INFO: [VRFC 10-163] Analyzing VHDL file "C:/Users/SKL/Desktop/ECE532/quadencoder/encoder_ip_prj2/encoder_ip_prj.srcs/sources_1/dct_source/ROMO.VHD" into library xil_defaultlib
INFO: [VRFC 10-307] analyzing entity ROMO
INFO: [VRFC 10-163] Analyzing VHDL file "C:/Users/SKL/Desktop/ECE532/quadencoder/encoder_ip_prj2/encoder_ip_prj.srcs/sources_1/dct_source/ROME.VHD" into library xil_defaultlib
INFO: [VRFC 10-307] analyzing entity ROME
INFO: [VRFC 10-163] Analyzing VHDL file "C:/Users/SKL/Desktop/ECE532/quadencoder/encoder_ip_prj2/encoder_ip_prj.srcs/sources_1/dct_source/RAM.VHD" into library xil_defaultlib
INFO: [VRFC 10-307] analyzing entity RAM
INFO: [VRFC 10-163] Analyzing VHDL file "C:/Users/SKL/Desktop/ECE532/quadencoder/encoder_ip_prj2/encoder_ip_prj.srcs/sources_1/dct_source/DCT2D.VHD" into library xil_defaultlib
INFO: [VRFC 10-307] analyzing entity DCT2D
INFO: [VRFC 10-163] Analyzing VHDL file "C:/Users/SKL/Desktop/ECE532/quadencoder/encoder_ip_prj2/encoder_ip_prj.srcs/sources_1/dct_source/DCT1D.vhd" into library xil_defaultlib
INFO: [VRFC 10-307] analyzing entity DCT1D
INFO: [VRFC 10-163] Analyzing VHDL file "C:/Users/SKL/Desktop/ECE532/quadencoder/encoder_ip_prj2/encoder_ip_prj.srcs/sources_1/dct_source/DBUFCTL.VHD" into library xil_defaultlib
INFO: [VRFC 10-307] analyzing entity DBUFCTL
INFO: [VRFC 10-163] Analyzing VHDL file "C:/Users/SKL/Desktop/ECE532/quadencoder/encoder_ip_prj2/encoder_ip_prj.srcs/sources_1/ip/mult_gen_0/xbip_utils_v3_0/hdl/xbip_utils_v3_0_vh_rfs.vhd" into library xbip_utils_v3_0
INFO: [VRFC 10-163] Analyzing VHDL file "C:/Users/SKL/Desktop/ECE532/quadencoder/encoder_ip_prj2/encoder_ip_prj.srcs/sources_1/ip/mult_gen_0/xbip_pipe_v3_0/hdl/xbip_pipe_v3_0_vh_rfs.vhd" into library xbip_pipe_v3_0
INFO: [VRFC 10-307] analyzing entity xbip_pipe_v3_0_viv
INFO: [VRFC 10-163] Analyzing VHDL file "C:/Users/SKL/Desktop/ECE532/quadencoder/encoder_ip_prj2/encoder_ip_prj.srcs/sources_1/ip/mult_gen_0/xbip_pipe_v3_0/hdl/xbip_pipe_v3_0.vhd" into library xbip_pipe_v3_0
INFO: [VRFC 10-307] analyzing entity xbip_pipe_v3_0
INFO: [VRFC 10-163] Analyzing VHDL file "C:/Users/SKL/Desktop/ECE532/quadencoder/encoder_ip_prj2/encoder_ip_prj.srcs/sources_1/ip/mult_gen_0/xbip_bram18k_v3_0/hdl/xbip_bram18k_v3_0_vh_rfs.vhd" into library xbip_bram18k_v3_0
INFO: [VRFC 10-307] analyzing entity xbip_bram18k_synth
INFO: [VRFC 10-307] analyzing entity xbip_bram18k_rtl
INFO: [VRFC 10-307] analyzing entity xbip_bram18k_v3_0_viv
INFO: [VRFC 10-163] Analyzing VHDL file "C:/Users/SKL/Desktop/ECE532/quadencoder/encoder_ip_prj2/encoder_ip_prj.srcs/sources_1/ip/mult_gen_0/xbip_bram18k_v3_0/hdl/xbip_bram18k_v3_0.vhd" into library xbip_bram18k_v3_0
INFO: [VRFC 10-307] analyzing entity xbip_bram18k_v3_0
INFO: [VRFC 10-163] Analyzing VHDL file "C:/Users/SKL/Desktop/ECE532/quadencoder/encoder_ip_prj2/encoder_ip_prj.srcs/sources_1/ip/mult_gen_0/mult_gen_v12_0/hdl/mult_gen_v12_0_vh_rfs.vhd" into library mult_gen_v12_0
INFO: [VRFC 10-307] analyzing entity op_resize
INFO: [VRFC 10-307] analyzing entity delay_line
INFO: [VRFC 10-307] analyzing entity cc_compare
INFO: [VRFC 10-307] analyzing entity luts
INFO: [VRFC 10-307] analyzing entity mult18
INFO: [VRFC 10-307] analyzing entity dsp
INFO: [VRFC 10-307] analyzing entity hybrid
INFO: [VRFC 10-307] analyzing entity ccm_dist_mem
INFO: [VRFC 10-307] analyzing entity ccm_sp_block_mem
INFO: [VRFC 10-307] analyzing entity ccm_dp_block_mem
INFO: [VRFC 10-307] analyzing entity ccm_syncmem
INFO: [VRFC 10-307] analyzing entity ccm_scaled_adder
INFO: [VRFC 10-307] analyzing entity ccm_operation
INFO: [VRFC 10-307] analyzing entity ccm
INFO: [VRFC 10-307] analyzing entity three_input_adder
INFO: [VRFC 10-307] analyzing entity multmxn_lut6
INFO: [VRFC 10-307] analyzing entity mult_gen_v12_0_viv
INFO: [VRFC 10-163] Analyzing VHDL file "C:/Users/SKL/Desktop/ECE532/quadencoder/encoder_ip_prj2/encoder_ip_prj.srcs/sources_1/ip/mult_gen_0/mult_gen_v12_0/hdl/mult_gen_v12_0.vhd" into library mult_gen_v12_0
INFO: [VRFC 10-307] analyzing entity mult_gen_v12_0
INFO: [VRFC 10-163] Analyzing VHDL file "C:/Users/SKL/Desktop/ECE532/quadencoder/encoder_ip_prj2/encoder_ip_prj.srcs/sources_1/ip/mult_gen_0/sim/mult_gen_0.vhd" into library xil_defaultlib
INFO: [VRFC 10-307] analyzing entity mult_gen_0
INFO: [VRFC 10-163] Analyzing VHDL file "C:/Users/SKL/Desktop/ECE532/quadencoder/encoder_ip_prj2/encoder_ip_prj.srcs/sources_1/ip/mult_gen_1/sim/mult_gen_1.vhd" into library xil_defaultlib
INFO: [VRFC 10-307] analyzing entity mult_gen_1
INFO: [VRFC 10-163] Analyzing VHDL file "C:/Users/SKL/Desktop/ECE532/quadencoder/encoder_ip_prj2/encoder_ip_prj.srcs/sources_1/ip/scfifo_32in_32out_1kb/fifo_generator_v12_0/hdl/fifo_generator_v12_0_rfs.vhd" into library fifo_generator_v12_0
INFO: [VRFC 10-307] analyzing entity input_blk
INFO: [VRFC 10-307] analyzing entity output_blk
INFO: [VRFC 10-307] analyzing entity shft_wrapper
INFO: [VRFC 10-307] analyzing entity shft_ram
INFO: [VRFC 10-307] analyzing entity wr_pf_as
INFO: [VRFC 10-307] analyzing entity wr_pf_ss
INFO: [VRFC 10-307] analyzing entity rd_pe_as
INFO: [VRFC 10-307] analyzing entity rd_pe_ss
INFO: [VRFC 10-307] analyzing entity synchronizer_ff
INFO: [VRFC 10-307] analyzing entity delay
INFO: [VRFC 10-307] analyzing entity bin_cntr
INFO: [VRFC 10-307] analyzing entity clk_x_pntrs_builtin
INFO: [VRFC 10-307] analyzing entity logic_builtin
INFO: [VRFC 10-307] analyzing entity builtin_prim
INFO: [VRFC 10-307] analyzing entity builtin_extdepth
INFO: [VRFC 10-307] analyzing entity builtin_top
INFO: [VRFC 10-307] analyzing entity reset_builtin
INFO: [VRFC 10-307] analyzing entity builtin_prim_v6
INFO: [VRFC 10-307] analyzing entity builtin_extdepth_v6
INFO: [VRFC 10-307] analyzing entity builtin_extdepth_low_latency
INFO: [VRFC 10-307] analyzing entity builtin_top_v6
INFO: [VRFC 10-307] analyzing entity fifo_generator_v12_0_builtin
INFO: [VRFC 10-307] analyzing entity bram_sync_reg
INFO: [VRFC 10-307] analyzing entity bram_fifo_rstlogic
INFO: [VRFC 10-307] analyzing entity reset_blk_ramfifo
INFO: [VRFC 10-307] analyzing entity axi_reg_slice
INFO: [VRFC 10-307] analyzing entity fifo_generator_top
INFO: [VRFC 10-307] analyzing entity fifo_generator_v12_0_synth
INFO: [VRFC 10-163] Analyzing VHDL file "C:/Users/SKL/Desktop/ECE532/quadencoder/encoder_ip_prj2/encoder_ip_prj.srcs/sources_1/dct_source/MDCT.VHD" into library xil_defaultlib
INFO: [VRFC 10-307] analyzing entity MDCT
