Vivado Simulator 2015.1
Copyright 1986-1999, 2001-2015 Xilinx, Inc. All Rights Reserved.
Running: C:/Xilinx/Vivado/2015.1/bin/unwrapped/win64.o/xelab.exe -wto d8e7f7338bbf47638d0525527d968b33 --debug typical --relax --mt 2 -L fifo_generator_v12_0 -L xil_defaultlib -L blk_mem_gen_v8_2 -L unisims_ver -L unimacro_ver -L secureip --snapshot sim_with_bram_tb_behav xil_defaultlib.sim_with_bram_tb xil_defaultlib.glbl -log elaborate.log 
Using 2 slave threads.
Starting static elaboration
WARNING: [VRFC 10-278] actual bit length 1 differs from formal bit length 4 for port s_axi_awid [C:/Users/SKL/Desktop/ECE532/quadencoder/decoder_ip_prj/decoder_ip_prj.srcs/sim_1/sim_with_bram_tb.sv:143]
WARNING: [VRFC 10-278] actual bit length 1 differs from formal bit length 4 for port s_axi_bid [C:/Users/SKL/Desktop/ECE532/quadencoder/decoder_ip_prj/decoder_ip_prj.srcs/sim_1/sim_with_bram_tb.sv:158]
WARNING: [VRFC 10-278] actual bit length 1 differs from formal bit length 4 for port s_axi_arid [C:/Users/SKL/Desktop/ECE532/quadencoder/decoder_ip_prj/decoder_ip_prj.srcs/sim_1/sim_with_bram_tb.sv:162]
WARNING: [VRFC 10-278] actual bit length 1 differs from formal bit length 4 for port s_axi_rid [C:/Users/SKL/Desktop/ECE532/quadencoder/decoder_ip_prj/decoder_ip_prj.srcs/sim_1/sim_with_bram_tb.sv:172]
WARNING: [VRFC 10-597] element index -1 into num_read_words_dc is out of bounds [C:/Users/SKL/Desktop/ECE532/quadencoder/decoder_ip_prj/decoder_ip_prj.srcs/sources_1/ip/scfifo_32in_32out_1kb/fifo_generator_v12_0/simulation/fifo_generator_vlog_beh.v:7441]
WARNING: [VRFC 10-597] element index -1 into num_write_words_dc is out of bounds [C:/Users/SKL/Desktop/ECE532/quadencoder/decoder_ip_prj/decoder_ip_prj.srcs/sources_1/ip/scfifo_32in_32out_1kb/fifo_generator_v12_0/simulation/fifo_generator_vlog_beh.v:7491]
Completed static elaboration
Starting simulation data flow analysis
Completed simulation data flow analysis
Time Resolution for simulation is 1ps
Compiling package std.standard
Compiling package ieee.std_logic_1164
Compiling package ieee.numeric_std
Compiling package xil_defaultlib.mdct_pkg
Compiling package ieee.std_logic_arith
Compiling module xil_defaultlib.decoder_axi_s_v1_0_S00_AXI(C_S_A...
Compiling module xil_defaultlib.decoder_axi_s_v1_0(C_S00_AXI_DAT...
Compiling module xil_defaultlib.decoder_dram_rreq_fsm(ADDR_WIDTH...
Compiling module xil_defaultlib.decoder_dram_rrsp_fsm(IMG_RBURST...
Compiling module fifo_generator_v12_0.fifo_generator_v12_0_sync_stage(...
Compiling module fifo_generator_v12_0.fifo_generator_v12_0_bhv_ver_as(...
Compiling module fifo_generator_v12_0.FIFO_GENERATOR_v12_0_CONV_VER(C_...
Compiling module fifo_generator_v12_0.fifo_generator_vlog_beh(C_COMMON...
Compiling module fifo_generator_v12_0.fifo_generator_v12_0(C_DATA_COUN...
Compiling module xil_defaultlib.dcfifo_32in_32out_16kb
Compiling architecture rtl of entity xil_defaultlib.ROME [rome_default]
Compiling architecture rtl of entity xil_defaultlib.ROMO [romo_default]
Compiling architecture rtl of entity xil_defaultlib.DCT1D [dct1d_default]
Compiling architecture rtl of entity xil_defaultlib.DCT2D [dct2d_default]
Compiling architecture rtl of entity xil_defaultlib.RAM [ram_default]
Compiling architecture rtl of entity xil_defaultlib.DBUFCTL [dbufctl_default]
Compiling architecture rtl of entity xil_defaultlib.MDCT [mdct_default]
Compiling module xil_defaultlib.stego_decode
Compiling module fifo_generator_v12_0.fifo_generator_v12_0_sync_stage(...
Compiling module fifo_generator_v12_0.fifo_generator_v12_0_bhv_ver_as(...
Compiling module fifo_generator_v12_0.FIFO_GENERATOR_v12_0_CONV_VER(C_...
Compiling module fifo_generator_v12_0.fifo_generator_vlog_beh(C_COMMON...
Compiling module fifo_generator_v12_0.fifo_generator_v12_0(C_DATA_COUN...
Compiling module xil_defaultlib.dcfifo_32in_32out_8kb_cnt
Compiling module fifo_generator_v12_0.fifo_generator_v12_0_bhv_ver_ss(...
Compiling module fifo_generator_v12_0.fifo_generator_v12_0_bhv_ver_pre...
Compiling module fifo_generator_v12_0.FIFO_GENERATOR_v12_0_CONV_VER(C_...
Compiling module fifo_generator_v12_0.fifo_generator_vlog_beh(C_COMMON...
Compiling module fifo_generator_v12_0.fifo_generator_v12_0(C_COMMON_CL...
Compiling module xil_defaultlib.scfifo_32in_32out_1kb
Compiling module xil_defaultlib.decoder_dram_wreq_fsm(ADDR_WIDTH...
Compiling module xil_defaultlib.decoder_axi_m_v1_0_M00_AXI(C_M_A...
Compiling module xil_defaultlib.decoder_axi_m_v1_0(C_M00_AXI_BUR...
Compiling module xil_defaultlib.decoder_top(NUM_COLS=128,NUM_ROW...
Compiling module blk_mem_gen_v8_2.beh_vlog_ff_clr_v8_2(INIT=1'b0)
Compiling module blk_mem_gen_v8_2.beh_vlog_ff_pre_v8_2(INIT=1'b1)
Compiling module blk_mem_gen_v8_2.STATE_LOGIC_v8_2(INIT=64'b010101...
Compiling module blk_mem_gen_v8_2.STATE_LOGIC_v8_2(INIT=64'b101111...
Compiling module blk_mem_gen_v8_2.STATE_LOGIC_v8_2(INIT=64'b101010...
Compiling module blk_mem_gen_v8_2.STATE_LOGIC_v8_2(INIT=64'b010101...
Compiling module blk_mem_gen_v8_2.STATE_LOGIC_v8_2(INIT=64'b010001...
Compiling module blk_mem_gen_v8_2.STATE_LOGIC_v8_2(INIT=64'b010001...
Compiling module blk_mem_gen_v8_2.STATE_LOGIC_v8_2(INIT=64'b011010...
Compiling module blk_mem_gen_v8_2.STATE_LOGIC_v8_2(INIT=64'b111111...
Compiling module blk_mem_gen_v8_2.STATE_LOGIC_v8_2(INIT=64'b011000...
Compiling module blk_mem_gen_v8_2.STATE_LOGIC_v8_2(INIT=64'b011111...
Compiling module blk_mem_gen_v8_2.STATE_LOGIC_v8_2(INIT=64'b0111)
Compiling module blk_mem_gen_v8_2.STATE_LOGIC_v8_2(INIT=64'b111110...
Compiling module blk_mem_gen_v8_2.STATE_LOGIC_v8_2(INIT=64'b01000)
Compiling module blk_mem_gen_v8_2.STATE_LOGIC_v8_2(INIT=64'b100010...
Compiling module blk_mem_gen_v8_2.write_netlist_v8_2(C_AXI_TYPE=1)
Compiling module blk_mem_gen_v8_2.blk_mem_axi_write_wrapper_beh_v8...
Compiling module blk_mem_gen_v8_2.beh_vlog_ff_ce_clr_v8_2(INIT=1'b...
Compiling module blk_mem_gen_v8_2.STATE_LOGIC_v8_2(INIT=64'b01011)
Compiling module blk_mem_gen_v8_2.STATE_LOGIC_v8_2(INIT=64'b0100)
Compiling module blk_mem_gen_v8_2.STATE_LOGIC_v8_2(INIT=64'b111011...
Compiling module blk_mem_gen_v8_2.STATE_LOGIC_v8_2(INIT=64'b010001...
Compiling module blk_mem_gen_v8_2.STATE_LOGIC_v8_2(INIT=64'b010000...
Compiling module blk_mem_gen_v8_2.STATE_LOGIC_v8_2(INIT=64'b011111...
Compiling module blk_mem_gen_v8_2.STATE_LOGIC_v8_2(INIT=64'b01)
Compiling module blk_mem_gen_v8_2.STATE_LOGIC_v8_2(INIT=64'b010000...
Compiling module blk_mem_gen_v8_2.STATE_LOGIC_v8_2(INIT=64'b010001...
Compiling module blk_mem_gen_v8_2.STATE_LOGIC_v8_2(INIT=64'b011101...
Compiling module blk_mem_gen_v8_2.STATE_LOGIC_v8_2(INIT=64'b111111...
Compiling module blk_mem_gen_v8_2.STATE_LOGIC_v8_2(INIT=64'b010101...
Compiling module blk_mem_gen_v8_2.STATE_LOGIC_v8_2(INIT=64'b111100...
Compiling module blk_mem_gen_v8_2.beh_vlog_muxf7_v8_2
Compiling module blk_mem_gen_v8_2.STATE_LOGIC_v8_2(INIT=64'b010101...
Compiling module blk_mem_gen_v8_2.STATE_LOGIC_v8_2(INIT=64'b011100...
Compiling module blk_mem_gen_v8_2.STATE_LOGIC_v8_2(INIT=64'b011111...
Compiling module blk_mem_gen_v8_2.STATE_LOGIC_v8_2(INIT=64'b010001...
Compiling module blk_mem_gen_v8_2.STATE_LOGIC_v8_2(INIT=64'b010001...
Compiling module blk_mem_gen_v8_2.STATE_LOGIC_v8_2(INIT=64'b011100...
Compiling module blk_mem_gen_v8_2.read_netlist_v8_2(C_ADDRB_WIDTH=...
Compiling module blk_mem_gen_v8_2.blk_mem_axi_read_wrapper_beh_v8_...
Compiling module blk_mem_gen_v8_2.BLK_MEM_GEN_v8_2_output_stage(C_...
Compiling module blk_mem_gen_v8_2.BLK_MEM_GEN_v8_2_output_stage(C_...
Compiling module blk_mem_gen_v8_2.BLK_MEM_GEN_v8_2_softecc_output_...
Compiling module blk_mem_gen_v8_2.BLK_MEM_GEN_v8_2_mem_module(C_CO...
Compiling module blk_mem_gen_v8_2.blk_mem_gen_v8_2(C_FAMILY="artix...
Compiling module xil_defaultlib.blk_mem_gen_0
Compiling module xil_defaultlib.sim_with_bram_tb
Compiling module xil_defaultlib.glbl
Waiting for 3 sub-compilation(s) to finish...
Built simulation snapshot sim_with_bram_tb_behav
