INFO: [VRFC 10-2263] Analyzing Verilog file "C:/Users/SKL/Desktop/ECE532/quadencoder/encoder_ip_prj/encoder_ip_prj.sim/sim_1/synth/timing/sim_with_bram_tb_time_synth.v" into library xil_defaultlib
INFO: [VRFC 10-311] analyzing module DBUFCTL
INFO: [VRFC 10-311] analyzing module DCT1D
INFO: [VRFC 10-311] analyzing module DCT2D
INFO: [VRFC 10-311] analyzing module MDCT
INFO: [VRFC 10-311] analyzing module RAM
INFO: [VRFC 10-311] analyzing module RAM32M_UNIQ_BASE_
INFO: [VRFC 10-311] analyzing module RAM32M_HD78
INFO: [VRFC 10-311] analyzing module RAM32M_HD79
INFO: [VRFC 10-311] analyzing module RAM32M_HD80
INFO: [VRFC 10-311] analyzing module RAM32M_HD81
INFO: [VRFC 10-311] analyzing module RAM32M_HD82
INFO: [VRFC 10-311] analyzing module RAM64M_UNIQ_BASE_
INFO: [VRFC 10-311] analyzing module RAM64M_HD71
INFO: [VRFC 10-311] analyzing module RAM64M_HD72
INFO: [VRFC 10-311] analyzing module RAM64M_HD73
INFO: [VRFC 10-311] analyzing module RAM64M_HD74
INFO: [VRFC 10-311] analyzing module RAM64M_HD75
INFO: [VRFC 10-311] analyzing module RAM64M_HD76
INFO: [VRFC 10-311] analyzing module RAM64M_HD77
INFO: [VRFC 10-311] analyzing module RAM_38
INFO: [VRFC 10-311] analyzing module ROME
INFO: [VRFC 10-311] analyzing module ROME_0
INFO: [VRFC 10-311] analyzing module ROME_10
INFO: [VRFC 10-311] analyzing module ROME_12
INFO: [VRFC 10-311] analyzing module ROME_14
INFO: [VRFC 10-311] analyzing module ROME_16
INFO: [VRFC 10-311] analyzing module ROME_18
INFO: [VRFC 10-311] analyzing module ROME_2
INFO: [VRFC 10-311] analyzing module ROME_20
INFO: [VRFC 10-311] analyzing module ROME_22
INFO: [VRFC 10-311] analyzing module ROME_24
INFO: [VRFC 10-311] analyzing module ROME_26
INFO: [VRFC 10-311] analyzing module ROME_28
INFO: [VRFC 10-311] analyzing module ROME_30
INFO: [VRFC 10-311] analyzing module ROME_32
INFO: [VRFC 10-311] analyzing module ROME_34
INFO: [VRFC 10-311] analyzing module ROME_36
INFO: [VRFC 10-311] analyzing module ROME_4
INFO: [VRFC 10-311] analyzing module ROME_6
INFO: [VRFC 10-311] analyzing module ROME_8
INFO: [VRFC 10-311] analyzing module ROMO
INFO: [VRFC 10-311] analyzing module ROMO_1
INFO: [VRFC 10-311] analyzing module ROMO_11
INFO: [VRFC 10-311] analyzing module ROMO_13
INFO: [VRFC 10-311] analyzing module ROMO_15
INFO: [VRFC 10-311] analyzing module ROMO_17
INFO: [VRFC 10-311] analyzing module ROMO_19
INFO: [VRFC 10-311] analyzing module ROMO_21
INFO: [VRFC 10-311] analyzing module ROMO_23
INFO: [VRFC 10-311] analyzing module ROMO_25
INFO: [VRFC 10-311] analyzing module ROMO_27
INFO: [VRFC 10-311] analyzing module ROMO_29
INFO: [VRFC 10-311] analyzing module ROMO_3
INFO: [VRFC 10-311] analyzing module ROMO_31
INFO: [VRFC 10-311] analyzing module ROMO_33
INFO: [VRFC 10-311] analyzing module ROMO_35
INFO: [VRFC 10-311] analyzing module ROMO_37
INFO: [VRFC 10-311] analyzing module ROMO_5
INFO: [VRFC 10-311] analyzing module ROMO_7
INFO: [VRFC 10-311] analyzing module ROMO_9
INFO: [VRFC 10-311] analyzing module dcfifo_32in_32out_8kb
INFO: [VRFC 10-311] analyzing module dcfifo_32in_32out_8kb_blk_mem_gen_generic_cstr
INFO: [VRFC 10-311] analyzing module dcfifo_32in_32out_8kb_blk_mem_gen_prim_width
INFO: [VRFC 10-311] analyzing module dcfifo_32in_32out_8kb_blk_mem_gen_prim_wrapper
INFO: [VRFC 10-311] analyzing module dcfifo_32in_32out_8kb_blk_mem_gen_top
INFO: [VRFC 10-311] analyzing module dcfifo_32in_32out_8kb_blk_mem_gen_v8_2
INFO: [VRFC 10-311] analyzing module dcfifo_32in_32out_8kb_blk_mem_gen_v8_2_synth
INFO: [VRFC 10-311] analyzing module dcfifo_32in_32out_8kb_clk_x_pntrs
INFO: [VRFC 10-311] analyzing module dcfifo_32in_32out_8kb_fifo_generator_ramfifo
INFO: [VRFC 10-311] analyzing module dcfifo_32in_32out_8kb_fifo_generator_top
INFO: [VRFC 10-311] analyzing module dcfifo_32in_32out_8kb_fifo_generator_v12_0
INFO: [VRFC 10-311] analyzing module dcfifo_32in_32out_8kb_fifo_generator_v12_0_synth
INFO: [VRFC 10-311] analyzing module dcfifo_32in_32out_8kb_memory
INFO: [VRFC 10-311] analyzing module dcfifo_32in_32out_8kb_rd_bin_cntr
INFO: [VRFC 10-311] analyzing module dcfifo_32in_32out_8kb_rd_logic
INFO: [VRFC 10-311] analyzing module dcfifo_32in_32out_8kb_rd_status_flags_as
INFO: [VRFC 10-311] analyzing module dcfifo_32in_32out_8kb_reset_blk_ramfifo
INFO: [VRFC 10-311] analyzing module dcfifo_32in_32out_8kb_synchronizer_ff
INFO: [VRFC 10-311] analyzing module dcfifo_32in_32out_8kb_synchronizer_ff_0
INFO: [VRFC 10-311] analyzing module dcfifo_32in_32out_8kb_synchronizer_ff_1
INFO: [VRFC 10-311] analyzing module dcfifo_32in_32out_8kb_synchronizer_ff_2
INFO: [VRFC 10-311] analyzing module dcfifo_32in_32out_8kb_wr_bin_cntr
INFO: [VRFC 10-311] analyzing module dcfifo_32in_32out_8kb_wr_dc_as
INFO: [VRFC 10-311] analyzing module dcfifo_32in_32out_8kb_wr_logic
INFO: [VRFC 10-311] analyzing module dcfifo_32in_32out_8kb_wr_status_flags_as
INFO: [VRFC 10-311] analyzing module dcfifo_32in_8out_16kb
INFO: [VRFC 10-311] analyzing module dcfifo_8in_32out_16kb
INFO: [VRFC 10-311] analyzing module encoder_axi_m_v1_0
INFO: [VRFC 10-311] analyzing module encoder_axi_m_v1_0_M00_AXI
INFO: [VRFC 10-311] analyzing module encoder_axi_s_v1_0
INFO: [VRFC 10-311] analyzing module encoder_axi_s_v1_0_S00_AXI
INFO: [VRFC 10-311] analyzing module encoder_dram_rreq_fsm
INFO: [VRFC 10-311] analyzing module encoder_dram_rrsp_fsm
INFO: [VRFC 10-311] analyzing module encoder_dram_wreq_fsm
INFO: [VRFC 10-311] analyzing module encoder_msg_fsm
INFO: [VRFC 10-311] analyzing module encoder_top
INFO: [VRFC 10-311] analyzing module mult_gen_0
INFO: [VRFC 10-311] analyzing module mult_gen_0_HD43
INFO: [VRFC 10-311] analyzing module mult_gen_0_HD47
INFO: [VRFC 10-311] analyzing module mult_gen_0_HD51
INFO: [VRFC 10-311] analyzing module mult_gen_0_HD55
INFO: [VRFC 10-311] analyzing module mult_gen_0_HD59
INFO: [VRFC 10-311] analyzing module mult_gen_0_HD63
INFO: [VRFC 10-311] analyzing module mult_gen_0_HD67
INFO: [VRFC 10-311] analyzing module mult_gen_0_mult_gen_v12_0
INFO: [VRFC 10-311] analyzing module mult_gen_0_mult_gen_v12_0_HD44
INFO: [VRFC 10-311] analyzing module mult_gen_0_mult_gen_v12_0_HD48
INFO: [VRFC 10-311] analyzing module mult_gen_0_mult_gen_v12_0_HD52
INFO: [VRFC 10-311] analyzing module mult_gen_0_mult_gen_v12_0_HD56
INFO: [VRFC 10-311] analyzing module mult_gen_0_mult_gen_v12_0_HD60
INFO: [VRFC 10-311] analyzing module mult_gen_0_mult_gen_v12_0_HD64
INFO: [VRFC 10-311] analyzing module mult_gen_0_mult_gen_v12_0_HD68
INFO: [VRFC 10-311] analyzing module mult_gen_1
INFO: [VRFC 10-311] analyzing module mult_gen_1_HD12
INFO: [VRFC 10-311] analyzing module mult_gen_1_HD16
INFO: [VRFC 10-311] analyzing module mult_gen_1_HD20
INFO: [VRFC 10-311] analyzing module mult_gen_1_HD24
INFO: [VRFC 10-311] analyzing module mult_gen_1_HD28
INFO: [VRFC 10-311] analyzing module mult_gen_1_HD32
INFO: [VRFC 10-311] analyzing module mult_gen_1_HD8
INFO: [VRFC 10-311] analyzing module mult_gen_1_mult_gen_v12_0
INFO: [VRFC 10-311] analyzing module mult_gen_1_mult_gen_v12_0_HD13
INFO: [VRFC 10-311] analyzing module mult_gen_1_mult_gen_v12_0_HD17
INFO: [VRFC 10-311] analyzing module mult_gen_1_mult_gen_v12_0_HD21
INFO: [VRFC 10-311] analyzing module mult_gen_1_mult_gen_v12_0_HD25
INFO: [VRFC 10-311] analyzing module mult_gen_1_mult_gen_v12_0_HD29
INFO: [VRFC 10-311] analyzing module mult_gen_1_mult_gen_v12_0_HD33
INFO: [VRFC 10-311] analyzing module mult_gen_1_mult_gen_v12_0_HD9
INFO: [VRFC 10-311] analyzing module myidct_less_lut
INFO: [VRFC 10-311] analyzing module scfifo_32in_32out_1kb
INFO: [VRFC 10-311] analyzing module scfifo_32in_32out_1kb_dmem
INFO: [VRFC 10-311] analyzing module scfifo_32in_32out_1kb_fifo_generator_ramfifo
INFO: [VRFC 10-311] analyzing module scfifo_32in_32out_1kb_fifo_generator_top
INFO: [VRFC 10-311] analyzing module scfifo_32in_32out_1kb_fifo_generator_v12_0
INFO: [VRFC 10-311] analyzing module scfifo_32in_32out_1kb_fifo_generator_v12_0_synth
INFO: [VRFC 10-311] analyzing module scfifo_32in_32out_1kb_memory
INFO: [VRFC 10-311] analyzing module scfifo_32in_32out_1kb_rd_bin_cntr
INFO: [VRFC 10-311] analyzing module scfifo_32in_32out_1kb_rd_fwft
INFO: [VRFC 10-311] analyzing module scfifo_32in_32out_1kb_rd_logic
INFO: [VRFC 10-311] analyzing module scfifo_32in_32out_1kb_rd_status_flags_ss
INFO: [VRFC 10-311] analyzing module scfifo_32in_32out_1kb_reset_blk_ramfifo
INFO: [VRFC 10-311] analyzing module scfifo_32in_32out_1kb_wr_bin_cntr
INFO: [VRFC 10-311] analyzing module scfifo_32in_32out_1kb_wr_logic
INFO: [VRFC 10-311] analyzing module scfifo_32in_32out_1kb_wr_status_flags_ss
INFO: [VRFC 10-311] analyzing module stego_encode
INFO: [VRFC 10-311] analyzing module mult_gen_0_dsp
INFO: [VRFC 10-311] analyzing module mult_gen_0_dsp_HD46
INFO: [VRFC 10-311] analyzing module mult_gen_0_dsp_HD50
INFO: [VRFC 10-311] analyzing module mult_gen_0_dsp_HD54
INFO: [VRFC 10-311] analyzing module mult_gen_0_dsp_HD58
INFO: [VRFC 10-311] analyzing module mult_gen_0_dsp_HD62
INFO: [VRFC 10-311] analyzing module mult_gen_0_dsp_HD66
INFO: [VRFC 10-311] analyzing module mult_gen_0_dsp_HD70
INFO: [VRFC 10-311] analyzing module mult_gen_0_mult_gen_v12_0_viv
INFO: [VRFC 10-311] analyzing module mult_gen_0_mult_gen_v12_0_viv_HD45
INFO: [VRFC 10-311] analyzing module mult_gen_0_mult_gen_v12_0_viv_HD49
INFO: [VRFC 10-311] analyzing module mult_gen_0_mult_gen_v12_0_viv_HD53
INFO: [VRFC 10-311] analyzing module mult_gen_0_mult_gen_v12_0_viv_HD57
INFO: [VRFC 10-311] analyzing module mult_gen_0_mult_gen_v12_0_viv_HD61
INFO: [VRFC 10-311] analyzing module mult_gen_0_mult_gen_v12_0_viv_HD65
INFO: [VRFC 10-311] analyzing module mult_gen_0_mult_gen_v12_0_viv_HD69
INFO: [VRFC 10-311] analyzing module mult_gen_1_dsp
INFO: [VRFC 10-311] analyzing module mult_gen_1_dsp_HD11
INFO: [VRFC 10-311] analyzing module mult_gen_1_dsp_HD15
INFO: [VRFC 10-311] analyzing module mult_gen_1_dsp_HD19
INFO: [VRFC 10-311] analyzing module mult_gen_1_dsp_HD23
INFO: [VRFC 10-311] analyzing module mult_gen_1_dsp_HD27
INFO: [VRFC 10-311] analyzing module mult_gen_1_dsp_HD31
INFO: [VRFC 10-311] analyzing module mult_gen_1_dsp_HD35
INFO: [VRFC 10-311] analyzing module mult_gen_1_mult_gen_v12_0_viv
INFO: [VRFC 10-311] analyzing module mult_gen_1_mult_gen_v12_0_viv_HD10
INFO: [VRFC 10-311] analyzing module mult_gen_1_mult_gen_v12_0_viv_HD14
INFO: [VRFC 10-311] analyzing module mult_gen_1_mult_gen_v12_0_viv_HD18
INFO: [VRFC 10-311] analyzing module mult_gen_1_mult_gen_v12_0_viv_HD22
INFO: [VRFC 10-311] analyzing module mult_gen_1_mult_gen_v12_0_viv_HD26
INFO: [VRFC 10-311] analyzing module mult_gen_1_mult_gen_v12_0_viv_HD30
INFO: [VRFC 10-311] analyzing module mult_gen_1_mult_gen_v12_0_viv_HD34
INFO: [VRFC 10-311] analyzing module glbl
INFO: [VRFC 10-2263] Analyzing SystemVerilog file "C:/Users/SKL/Desktop/ECE532/quadencoder/encoder_ip_prj/encoder_ip_prj.srcs/sim_1/sim_with_bram_tb.sv" into library xil_defaultlib
INFO: [VRFC 10-311] analyzing module sim_with_bram_tb
INFO: [VRFC 10-2263] Analyzing Verilog file "C:/Users/SKL/Desktop/ECE532/quadencoder/encoder_ip_prj/encoder_ip_prj.sim/sim_1/synth/timing/glbl.v" into library xil_defaultlib
INFO: [VRFC 10-311] analyzing module glbl
WARNING: [VRFC 10-1195] overwriting previous definition of module glbl [C:/Users/SKL/Desktop/ECE532/quadencoder/encoder_ip_prj/encoder_ip_prj.sim/sim_1/synth/timing/glbl.v:6]
