#-----------------------------------------------------------
# Vivado v2015.1 (64-bit)
# SW Build 1215546 on Mon Apr 27 19:22:08 MDT 2015
# IP Build 1209967 on Tue Apr 21 11:39:20 MDT 2015
# Start of session at: Fri Apr 08 07:38:27 2016
# Process ID: 10800
# Log file: C:/Users/SKL/Desktop/ECE532/quadencoder/encoder_ip_prj2/vivado.log
# Journal file: C:/Users/SKL/Desktop/ECE532/quadencoder/encoder_ip_prj2\vivado.jou
#-----------------------------------------------------------
start_gui
open_project C:/Users/SKL/Desktop/ECE532/quadencoder/encoder_ip_prj2/encoder_ip_prj.xpr
Scanning sources...
Finished scanning sources
INFO: [IP_Flow 19-234] Refreshing IP repositories
INFO: [IP_Flow 19-1704] No user IP repositories specified
INFO: [IP_Flow 19-2313] Loaded Vivado IP repository 'C:/Xilinx/Vivado/2015.1/data/ip'.
WARNING: [IP_Flow 19-2162] IP 'blk_mem_gen_0' is locked:
* IP file 'c:/Users/SKL/Desktop/ECE532/quadencoder/encoder_ip_prj2/encoder_ip_prj.srcs/sources_1/ip/blk_mem_gen_0/blk_mem_gen_0.xml' for IP 'blk_mem_gen_0' contains stale content.
Please select 'Report IP Status' from the 'Tools/Report' menu or run Tcl command 'report_ip_status' for more information.
open_project: Time (s): cpu = 00:00:22 ; elapsed = 00:00:11 . Memory (MB): peak = 768.508 ; gain = 217.125
archive_project C:/Users/SKL/Desktop/ECE532/submitted_repo/src/ips/encoder_ip_prj.xpr.zip -force -exclude_run_results
INFO: [Coretcl 2-137] starting archive...
Scanning sources...
Finished scanning sources
INFO: [IP_Flow 19-234] Refreshing IP repositories
INFO: [IP_Flow 19-1704] No user IP repositories specified
INFO: [IP_Flow 19-2313] Loaded Vivado IP repository 'C:/Xilinx/Vivado/2015.1/data/ip'.
WARNING: [IP_Flow 19-2162] IP 'blk_mem_gen_0' is locked:
* IP file 'c:/Users/SKL/Desktop/ECE532/quadencoder/encoder_ip_prj2/encoder_ip_prj.srcs/sources_1/ip/blk_mem_gen_0/blk_mem_gen_0.xml' for IP 'blk_mem_gen_0' contains stale content.
Please select 'Report IP Status' from the 'Tools/Report' menu or run Tcl command 'report_ip_status' for more information.
INFO: [Coretcl 2-1211] Creating project copy for archival...
INFO: [ProjectBase 1-495] The host OS only allows 260 characters in a normal path. The project is stored in a path with more than 80 characters. If you experience any problem with archiving the project, please consider setting environment variable $TEMP to a shorter path.
Current project path is 'C:/Users/SKL/Desktop/ECE532/quadencoder/encoder_ip_prj2/.Xil/Vivado-10800-DESKTOP-5FTSDRT/PrjAr/_X_'.
CRITICAL WARNING: [IP_Flow 19-4309] IP 'blk_mem_gen_0' is locked, parameter 'Coe_File' was not changed from '../mem_init_file.coe' to '..\..\..\..\..\..\..\..\encoder_ip_prj.srcs\sources_1\ip\mem_init_file.coe'. Please ensure the IP is unlocked and retry the SaveAs/Import operation.
WARNING: [IP_Flow 19-2162] IP 'blk_mem_gen_0' is locked:
* IP file 'c:/Users/SKL/Desktop/ECE532/quadencoder/encoder_ip_prj2/.Xil/Vivado-10800-DESKTOP-5FTSDRT/PrjAr/_X_/encoder_ip_prj.srcs/sources_1/ip/blk_mem_gen_0/blk_mem_gen_0.xml' for IP 'blk_mem_gen_0' contains stale content.
Please select 'Report IP Status' from the 'Tools/Report' menu or run Tcl command 'report_ip_status' for more information.
WARNING: [IP_Flow 19-2162] IP 'blk_mem_gen_0' is locked:
* IP file 'c:/Users/SKL/Desktop/ECE532/quadencoder/encoder_ip_prj2/.Xil/Vivado-10800-DESKTOP-5FTSDRT/PrjAr/_X_/encoder_ip_prj.srcs/sources_1/ip/blk_mem_gen_0/blk_mem_gen_0.xml' for IP 'blk_mem_gen_0' contains stale content.
Please select 'Report IP Status' from the 'Tools/Report' menu or run Tcl command 'report_ip_status' for more information.
INFO: [Coretcl 2-135] resetting runs for excluding generated files from archive...
WARNING: [Coretcl 2-105] Run 'synth_1' is currently active
INFO: [Coretcl 2-133] re-setting run 'synth_1'...
WARNING: [Coretcl 2-105] Run 'dcfifo_32in_32out_16kb_synth_1' is currently active
INFO: [Coretcl 2-133] re-setting run 'dcfifo_32in_32out_16kb_synth_1'...
WARNING: [Coretcl 2-105] Run 'dcfifo_32in_32out_32kb_synth_1' is currently active
INFO: [Coretcl 2-133] re-setting run 'dcfifo_32in_32out_32kb_synth_1'...
INFO: [Coretcl 2-133] re-setting run 'impl_1'...
INFO: [Coretcl 2-133] re-setting run 'dcfifo_32in_32out_16kb_impl_1'...
INFO: [Coretcl 2-133] re-setting run 'dcfifo_32in_32out_32kb_impl_1'...
